<?xml version="1.0" encoding="UTF-8"?>
<testng-results ignored="0" total="1" passed="0" failed="1" skipped="0">
  <reporter-output>
  </reporter-output>
  <suite started-at="2023-05-01T18:57:25 EDT" name="Default suite" finished-at="2023-05-01T18:57:27 EDT" duration-ms="1543">
    <groups>
    </groups>
    <test started-at="2023-05-01T18:57:25 EDT" name="Default test" finished-at="2023-05-01T18:57:27 EDT" duration-ms="1543">
      <class name="seleniumDemo.DropDown">
        <test-method signature="dropDown()[pri:0, instance:seleniumDemo.DropDown@50b472aa]" started-at="2023-05-01T18:57:25 EDT" name="dropDown" finished-at="2023-05-01T18:57:27 EDT" duration-ms="1508" status="FAIL">
          <exception class="org.openqa.selenium.SessionNotCreatedException">
            <message>
              <![CDATA[session not created: This version of ChromeDriver only supports Chrome version 110
Current browser version is 112.0.5615.138 with binary path C:\Program Files\Google\Chrome\Application\chrome.exe
Build info: version: '3.141.59', revision: 'e82be7d358', time: '2018-11-14T08:17:03'
System info: host: 'SHEWLEE', ip: '192.168.0.30', os.name: 'Windows 11', os.arch: 'amd64', os.version: '10.0', java.version: '19.0.1'
Driver info: driver.version: ChromeDriver
remote stacktrace: Backtrace:
(No symbol) [0x007B37D3]
(No symbol) [0x00748B81]
(No symbol) [0x0064B36D]
(No symbol) [0x0066ED6D]
(No symbol) [0x00669B90]
(No symbol) [0x00666FC9]
(No symbol) [0x006A1ED5]
(No symbol) [0x006A1B2C]
(No symbol) [0x0069B216]
(No symbol) [0x00670D97]
(No symbol) [0x0067253D]
GetHandleVerifier [0x00A2ABF2+2510930]
GetHandleVerifier [0x00A58EC1+2700065]
GetHandleVerifier [0x00A5C86C+2714828]
GetHandleVerifier [0x00863480+645344]
(No symbol) [0x00750FD2]
(No symbol) [0x00756C68]
(No symbol) [0x00756D4B]
(No symbol) [0x00760D6B]
BaseThreadInitThunk [0x76F17D49+25]
RtlInitializeExceptionChain [0x77D6B74B+107]
RtlClearBits [0x77D6B6CF+191]
]]>
            </message>
            <full-stacktrace>
              <![CDATA[org.openqa.selenium.SessionNotCreatedException: session not created: This version of ChromeDriver only supports Chrome version 110
Current browser version is 112.0.5615.138 with binary path C:\Program Files\Google\Chrome\Application\chrome.exe
Build info: version: '3.141.59', revision: 'e82be7d358', time: '2018-11-14T08:17:03'
System info: host: 'SHEWLEE', ip: '192.168.0.30', os.name: 'Windows 11', os.arch: 'amd64', os.version: '10.0', java.version: '19.0.1'
Driver info: driver.version: ChromeDriver
remote stacktrace: Backtrace:
(No symbol) [0x007B37D3]
(No symbol) [0x00748B81]
(No symbol) [0x0064B36D]
(No symbol) [0x0066ED6D]
(No symbol) [0x00669B90]
(No symbol) [0x00666FC9]
(No symbol) [0x006A1ED5]
(No symbol) [0x006A1B2C]
(No symbol) [0x0069B216]
(No symbol) [0x00670D97]
(No symbol) [0x0067253D]
GetHandleVerifier [0x00A2ABF2+2510930]
GetHandleVerifier [0x00A58EC1+2700065]
GetHandleVerifier [0x00A5C86C+2714828]
GetHandleVerifier [0x00863480+645344]
(No symbol) [0x00750FD2]
(No symbol) [0x00756C68]
(No symbol) [0x00756D4B]
(No symbol) [0x00760D6B]
BaseThreadInitThunk [0x76F17D49+25]
RtlInitializeExceptionChain [0x77D6B74B+107]
RtlClearBits [0x77D6B6CF+191]

at java.base/jdk.internal.reflect.DirectConstructorHandleAccessor.newInstance(DirectConstructorHandleAccessor.java:67)
at java.base/java.lang.reflect.Constructor.newInstanceWithCaller(Constructor.java:500)
at java.base/java.lang.reflect.Constructor.newInstance(Constructor.java:484)
at org.openqa.selenium.remote.W3CHandshakeResponse.lambda$errorHandler$0(W3CHandshakeResponse.java:62)
at org.openqa.selenium.remote.HandshakeResponse.lambda$getResponseFunction$0(HandshakeResponse.java:30)
at org.openqa.selenium.remote.ProtocolHandshake.lambda$createSession$0(ProtocolHandshake.java:126)
at java.base/java.util.stream.ReferencePipeline$3$1.accept(ReferencePipeline.java:197)
at java.base/java.util.Spliterators$ArraySpliterator.tryAdvance(Spliterators.java:1016)
at java.base/java.util.stream.ReferencePipeline.forEachWithCancel(ReferencePipeline.java:129)
at java.base/java.util.stream.AbstractPipeline.copyIntoWithCancel(AbstractPipeline.java:527)
at java.base/java.util.stream.AbstractPipeline.copyInto(AbstractPipeline.java:513)
at java.base/java.util.stream.AbstractPipeline.wrapAndCopyInto(AbstractPipeline.java:499)
at java.base/java.util.stream.FindOps$FindOp.evaluateSequential(FindOps.java:150)
at java.base/java.util.stream.AbstractPipeline.evaluate(AbstractPipeline.java:234)
at java.base/java.util.stream.ReferencePipeline.findFirst(ReferencePipeline.java:647)
at org.openqa.selenium.remote.ProtocolHandshake.createSession(ProtocolHandshake.java:128)
at org.openqa.selenium.remote.ProtocolHandshake.createSession(ProtocolHandshake.java:74)
at org.openqa.selenium.remote.HttpCommandExecutor.execute(HttpCommandExecutor.java:136)
at org.openqa.selenium.remote.service.DriverCommandExecutor.execute(DriverCommandExecutor.java:83)
at org.openqa.selenium.remote.RemoteWebDriver.execute(RemoteWebDriver.java:552)
at org.openqa.selenium.remote.RemoteWebDriver.startSession(RemoteWebDriver.java:213)
at org.openqa.selenium.remote.RemoteWebDriver.<init>(RemoteWebDriver.java:131)
at org.openqa.selenium.chrome.ChromeDriver.<init>(ChromeDriver.java:181)
at org.openqa.selenium.chrome.ChromeDriver.<init>(ChromeDriver.java:168)
at org.openqa.selenium.chrome.ChromeDriver.<init>(ChromeDriver.java:123)
at seleniumDemo.DropDown.dropDown(DropDown.java:20)
at java.base/jdk.internal.reflect.DirectMethodHandleAccessor.invoke(DirectMethodHandleAccessor.java:104)
at java.base/java.lang.reflect.Method.invoke(Method.java:578)
at org.testng.internal.MethodInvocationHelper.invokeMethod(MethodInvocationHelper.java:133)
at org.testng.internal.TestInvoker.invokeMethod(TestInvoker.java:598)
at org.testng.internal.TestInvoker.invokeTestMethod(TestInvoker.java:173)
at org.testng.internal.MethodRunner.runInSequence(MethodRunner.java:46)
at org.testng.internal.TestInvoker$MethodInvocationAgent.invoke(TestInvoker.java:824)
at org.testng.internal.TestInvoker.invokeTestMethods(TestInvoker.java:146)
at org.testng.internal.TestMethodWorker.invokeTestMethods(TestMethodWorker.java:146)
at org.testng.internal.TestMethodWorker.run(TestMethodWorker.java:128)
at java.base/java.util.ArrayList.forEach(ArrayList.java:1511)
at org.testng.TestRunner.privateRun(TestRunner.java:794)
at org.testng.TestRunner.run(TestRunner.java:596)
at org.testng.SuiteRunner.runTest(SuiteRunner.java:377)
at org.testng.SuiteRunner.runSequentially(SuiteRunner.java:371)
at org.testng.SuiteRunner.privateRun(SuiteRunner.java:332)
at org.testng.SuiteRunner.run(SuiteRunner.java:276)
at org.testng.SuiteRunnerWorker.runSuite(SuiteRunnerWorker.java:53)
at org.testng.SuiteRunnerWorker.run(SuiteRunnerWorker.java:96)
at org.testng.TestNG.runSuitesSequentially(TestNG.java:1212)
at org.testng.TestNG.runSuitesLocally(TestNG.java:1134)
at org.testng.TestNG.runSuites(TestNG.java:1063)
at org.testng.TestNG.run(TestNG.java:1031)
at org.testng.remote.AbstractRemoteTestNG.run(AbstractRemoteTestNG.java:115)
at org.testng.remote.RemoteTestNG.initAndRun(RemoteTestNG.java:251)
at org.testng.remote.RemoteTestNG.main(RemoteTestNG.java:77)
]]>
            </full-stacktrace>
          </exception> <!-- org.openqa.selenium.SessionNotCreatedException -->
          <reporter-output>
          </reporter-output>
        </test-method> <!-- dropDown -->
      </class> <!-- seleniumDemo.DropDown -->
    </test> <!-- Default test -->
  </suite> <!-- Default suite -->
</testng-results>
